# JRE version: OpenJDK Runtime Environment (11.0.11+9) (build 11.0.11+9-LTS)
# Java VM: OpenJDK 64-Bit Server VM (11.0.11+9-LTS, mixed mode, tiered, compressed oops, g1 gc, bsd-aarch64)
Heap:
 garbage-first heap   total 157696K, used 51087K [0x0000000740000000, 0x00000007c0000000)
  region size 1024K, 42 young (43008K), 10 survivors (10240K)
 Metaspace       used 52202K, capacity 53844K, committed 54016K, reserved 1095680K
  class space    used 6815K, capacity 7460K, committed 7552K, reserved 1048576K
GC Heap History (14 events):
Event: 0.367 GC heap before
{Heap before GC invocations=0 (full 0):
 garbage-first heap   total 131072K, used 24576K [0x0000000740000000, 0x00000007c0000000)
  region size 1024K, 24 young (24576K), 0 survivors (0K)
 Metaspace       used 14265K, capacity 14564K, committed 14720K, reserved 1062912K
  class space    used 1523K, capacity 1651K, committed 1664K, reserved 1048576K
}
Event: 0.371 GC heap after
{Heap after GC invocations=1 (full 0):
 garbage-first heap   total 131072K, used 6899K [0x0000000740000000, 0x00000007c0000000)
  region size 1024K, 3 young (3072K), 3 survivors (3072K)
 Metaspace       used 14265K, capacity 14564K, committed 14720K, reserved 1062912K
  class space    used 1523K, capacity 1651K, committed 1664K, reserved 1048576K
}
Event: 0.520 GC heap before
{Heap before GC invocations=1 (full 0):
 garbage-first heap   total 131072K, used 35571K [0x0000000740000000, 0x00000007c0000000)
  region size 1024K, 33 young (33792K), 3 survivors (3072K)
 Metaspace       used 20568K, capacity 21203K, committed 21296K, reserved 1069056K
  class space    used 2393K, capacity 2670K, committed 2688K, reserved 1048576K
}
Event: 0.525 GC heap after
{Heap after GC invocations=2 (full 0):
 garbage-first heap   total 131072K, used 8591K [0x0000000740000000, 0x00000007c0000000)
  region size 1024K, 5 young (5120K), 5 survivors (5120K)
 Metaspace       used 20568K, capacity 21203K, committed 21296K, reserved 1069056K
  class space    used 2393K, capacity 2670K, committed 2688K, reserved 1048576K
}
Event: 0.600 GC heap before
{Heap before GC invocations=3 (full 0):
 garbage-first heap   total 131072K, used 49551K [0x0000000740000000, 0x00000007c0000000)
  region size 1024K, 46 young (47104K), 5 survivors (5120K)
 Metaspace       used 23346K, capacity 24066K, committed 24304K, reserved 1071104K
  class space    used 2769K, capacity 3072K, committed 3136K, reserved 1048576K
}
Event: 0.606 GC heap after
{Heap after GC invocations=4 (full 0):
 garbage-first heap   total 131072K, used 9752K [0x0000000740000000, 0x00000007c0000000)
  region size 1024K, 3 young (3072K), 3 survivors (3072K)
 Metaspace       used 23346K, capacity 24066K, committed 24304K, reserved 1071104K
  class space    used 2769K, capacity 3072K, committed 3136K, reserved 1048576K
}
Event: 0.825 GC heap before
{Heap before GC invocations=4 (full 0):
 garbage-first heap   total 131072K, used 65048K [0x0000000740000000, 0x00000007c0000000)
  region size 1024K, 58 young (59392K), 3 survivors (3072K)
 Metaspace       used 27384K, capacity 28273K, committed 28528K, reserved 1075200K
  class space    used 3365K, capacity 3726K, committed 3776K, reserved 1048576K
}
Event: 0.828 GC heap after
{Heap after GC invocations=5 (full 0):
 garbage-first heap   total 131072K, used 11715K [0x0000000740000000, 0x00000007c0000000)
  region size 1024K, 5 young (5120K), 5 survivors (5120K)
 Metaspace       used 27384K, capacity 28273K, committed 28528K, reserved 1075200K
  class space    used 3365K, capacity 3726K, committed 3776K, reserved 1048576K
}
Event: 0.979 GC heap before
{Heap before GC invocations=5 (full 0):
 garbage-first heap   total 131072K, used 77251K [0x0000000740000000, 0x00000007c0000000)
  region size 1024K, 70 young (71680K), 5 survivors (5120K)
 Metaspace       used 31902K, capacity 33005K, committed 33136K, reserved 1077248K
  class space    used 3960K, capacity 4423K, committed 4544K, reserved 1048576K
}
Event: 0.984 GC heap after
{Heap after GC invocations=6 (full 0):
 garbage-first heap   total 157696K, used 14389K [0x0000000740000000, 0x00000007c0000000)
  region size 1024K, 8 young (8192K), 8 survivors (8192K)
 Metaspace       used 31902K, capacity 33005K, committed 33136K, reserved 1077248K
  class space    used 3960K, capacity 4423K, committed 4544K, reserved 1048576K
}
Event: 1.062 GC heap before
{Heap before GC invocations=6 (full 0):
 garbage-first heap   total 157696K, used 36917K [0x0000000740000000, 0x00000007c0000000)
  region size 1024K, 31 young (31744K), 8 survivors (8192K)
 Metaspace       used 34689K, capacity 35971K, committed 36032K, reserved 1081344K
  class space    used 4356K, capacity 4914K, committed 4928K, reserved 1048576K
}
Event: 1.069 GC heap after
{Heap after GC invocations=7 (full 0):
 garbage-first heap   total 157696K, used 15568K [0x0000000740000000, 0x00000007c0000000)
  region size 1024K, 7 young (7168K), 7 survivors (7168K)
 Metaspace       used 34689K, capacity 35971K, committed 36032K, reserved 1081344K
  class space    used 4356K, capacity 4914K, committed 4928K, reserved 1048576K
}
Event: 1.406 GC heap before
{Heap before GC invocations=8 (full 0):
 garbage-first heap   total 157696K, used 99536K [0x0000000740000000, 0x00000007c0000000)
  region size 1024K, 89 young (91136K), 7 survivors (7168K)
 Metaspace       used 48621K, capacity 50016K, committed 50048K, reserved 1093632K
  class space    used 6343K, capacity 6907K, committed 6912K, reserved 1048576K
}
Event: 1.411 GC heap after
{Heap after GC invocations=9 (full 0):
 garbage-first heap   total 157696K, used 19343K [0x0000000740000000, 0x00000007c0000000)
  region size 1024K, 10 young (10240K), 10 survivors (10240K)
 Metaspace       used 48621K, capacity 50016K, committed 50048K, reserved 1093632K
  class space    used 6343K, capacity 6907K, committed 6912K, reserved 1048576K
}

